  PID TTY      STAT   TIME COMMAND
    1 ?        Ss     0:01 /usr/lib/systemd/systemd --switched-root --system --deserialize 22
    2 ?        S      0:00 [kthreadd]
    3 ?        S      0:00 [ksoftirqd/0]
    5 ?        S<     0:00 [kworker/0:0H]
    7 ?        S      0:00 [migration/0]
    8 ?        S      0:00 [rcu_bh]
    9 ?        S      0:00 [rcu_sched]
   10 ?        S<     0:00 [lru-add-drain]
   11 ?        S      0:00 [watchdog/0]
   12 ?        S      0:00 [watchdog/1]
   13 ?        S      0:00 [migration/1]
   14 ?        S      0:00 [ksoftirqd/1]
   16 ?        S<     0:00 [kworker/1:0H]
   17 ?        S      0:00 [watchdog/2]
   18 ?        S      0:00 [migration/2]
   19 ?        S      0:00 [ksoftirqd/2]
   21 ?        S<     0:00 [kworker/2:0H]
   22 ?        S      0:00 [watchdog/3]
   23 ?        S      0:00 [migration/3]
   24 ?        S      0:00 [ksoftirqd/3]
   26 ?        S<     0:00 [kworker/3:0H]
   28 ?        S      0:00 [kdevtmpfs]
   29 ?        S<     0:00 [netns]
   30 ?        S      0:00 [khungtaskd]
   31 ?        S<     0:00 [writeback]
   32 ?        S<     0:00 [kintegrityd]
   33 ?        S<     0:00 [bioset]
   34 ?        S<     0:00 [bioset]
   35 ?        S<     0:00 [bioset]
   36 ?        S<     0:00 [kblockd]
   37 ?        S<     0:00 [md]
   38 ?        S<     0:00 [edac-poller]
   39 ?        S      0:00 [kworker/3:1]
   44 ?        S      0:00 [kswapd0]
   45 ?        SN     0:00 [ksmd]
   46 ?        SN     0:00 [khugepaged]
   47 ?        S<     0:00 [crypto]
   55 ?        S<     0:00 [kthrotld]
   56 ?        S      0:00 [kworker/u128:1]
   57 ?        S<     0:00 [kmpath_rdacd]
   58 ?        S<     0:00 [kaluad]
   60 ?        S<     0:00 [kpsmoused]
   61 ?        S<     0:00 [ipv6_addrconf]
   62 ?        S      0:03 [kworker/0:2]
   75 ?        S<     0:00 [deferwq]
  109 ?        S      0:00 [kauditd]
  295 ?        S<     0:00 [ata_sff]
  300 ?        S      0:00 [scsi_eh_0]
  301 ?        S<     0:00 [scsi_tmf_0]
  302 ?        S      0:00 [scsi_eh_1]
  303 ?        S<     0:00 [scsi_tmf_1]
  305 ?        S      0:00 [kworker/u128:3]
  306 ?        S<     0:00 [virtscsi-scan]
  307 ?        S      0:00 [scsi_eh_2]
  308 ?        S<     0:00 [scsi_tmf_2]
  318 ?        S<     0:00 [kworker/0:1H]
  379 ?        S<     0:00 [kdmflush]
  380 ?        S<     0:00 [bioset]
  391 ?        S<     0:00 [kdmflush]
  392 ?        S<     0:00 [bioset]
  404 ?        S<     0:00 [bioset]
  405 ?        S<     0:00 [xfsalloc]
  406 ?        S<     0:00 [xfs_mru_cache]
  407 ?        S<     0:00 [xfs-buf/dm-0]
  408 ?        S<     0:00 [xfs-data/dm-0]
  409 ?        S<     0:00 [xfs-conv/dm-0]
  410 ?        S<     0:00 [xfs-cil/dm-0]
  411 ?        S<     0:00 [xfs-reclaim/dm-]
  412 ?        S<     0:00 [xfs-log/dm-0]
  413 ?        S<     0:00 [xfs-eofblocks/d]
  414 ?        S      0:01 [xfsaild/dm-0]
  470 ?        S<     0:00 [kworker/2:1H]
  471 ?        S<     0:00 [kworker/1:1H]
  485 ?        Ss     0:00 /usr/lib/systemd/systemd-journald
  509 ?        Ss     0:00 /usr/sbin/lvmetad -f
  517 ?        Ss     0:00 /usr/lib/systemd/systemd-udevd
  541 ?        S      0:00 [hwrng]
  598 ?        S<     0:00 [xfs-buf/sda1]
  599 ?        S<     0:00 [xfs-data/sda1]
  600 ?        S<     0:00 [xfs-conv/sda1]
  601 ?        S<     0:00 [xfs-cil/sda1]
  602 ?        S<     0:00 [xfs-reclaim/sda]
  603 ?        S<     0:00 [xfs-log/sda1]
  604 ?        S<     0:00 [xfs-eofblocks/s]
  605 ?        S      0:00 [xfsaild/sda1]
  612 ?        S<     0:00 [ttm_swap]
  634 ?        S<sl   0:00 /sbin/auditd
  657 ?        Ssl    0:00 /usr/bin/dbus-daemon --system --address=systemd: --nofork --nopidfile --systemd-activation
  659 ?        Ss     0:00 /usr/sbin/irqbalance --foreground
  660 ?        Ss     0:00 /usr/bin/qemu-ga --method=virtio-serial --path=/dev/virtio-ports/org.qemu.guest_agent.0 --blacklist=guest-file-open,guest-file-close,guest-file-read,guest-file-write,guest-file-seek,guest-file-flush,guest-exec,guest-exec-status -F/etc/qemu-ga/fsfreeze-hook
  661 ?        Ssl    0:00 /usr/lib/polkit-1/polkitd --no-debug
  665 ?        Ss     0:00 /usr/lib/systemd/systemd-logind
  674 ?        Ss     0:00 /usr/sbin/crond -n
  679 ?        Ssl    0:20 /usr/bin/python /usr/share/ovirt-guest-agent/ovirt-guest-agent.py
  680 ?        S      0:00 [kworker/1:2]
  684 tty1     Ss+    0:00 /sbin/agetty --noclear tty1 linux
  691 ?        Ssl    0:00 /usr/bin/python -Es /usr/sbin/firewalld --nofork --nopid
  702 ?        Ssl    0:00 /usr/sbin/NetworkManager --no-daemon
  842 ?        S      0:00 /sbin/dhclient -d -q -sf /usr/libexec/nm-dhcp-helper -pf /var/run/dhclient-ens3.pid -lf /var/lib/NetworkManager/dhclient-1639469b-e85b-342c-a168-b3a903c8edbb-ens3.lease -cf /var/lib/NetworkManager/dhclient-ens3.conf ens3
 1028 ?        Ss     0:00 /usr/sbin/sshd -D
 1029 ?        Ssl    0:00 /usr/bin/python -Es /usr/sbin/tuned -l -P
 1031 ?        Ssl    0:00 /usr/sbin/rsyslogd -n
 1378 ?        Ss     0:00 /usr/libexec/postfix/master -w
 1391 ?        S      0:00 qmgr -l -t unix -u
 1448 ?        S<     0:00 [kworker/3:1H]
 1481 ?        Ss     0:00 sshd: vrn [priv]
 1485 ?        S      0:02 sshd: vrn@pts/0
 1486 pts/0    Ss     0:00 -bash
 1742 ?        S      0:00 [kworker/0:1]
 3066 ?        S      0:00 [kworker/1:0]
 3242 ?        S      0:00 [kworker/2:0]
 3451 ?        S      0:00 pickup -l -t unix -u
 3459 ?        S      0:00 [kworker/2:2]
 3461 ?        S      0:00 [kworker/3:2]
 3515 ?        S      0:00 [kworker/3:0]
 3525 ?        S      0:00 [kworker/2:1]
 3563 pts/0    R+     0:00 ps -ax
